{
  "numFailedTestSuites": 1,
  "numFailedTests": 1,
  "numPassedTestSuites": 1,
  "numPassedTests": 1,
  "numPendingTestSuites": 0,
  "numPendingTests": 0,
  "numRuntimeErrorTestSuites": 0,
  "numTodoTests": 0,
  "numTotalTestSuites": 2,
  "numTotalTests": 2,
  "openHandles": [],
  "snapshot": {
    "added": 0,
    "didUpdate": false,
    "failure": false,
    "filesAdded": 0,
    "filesRemoved": 0,
    "filesRemovedList": [],
    "filesUnmatched": 0,
    "filesUpdated": 0,
    "matched": 0,
    "total": 0,
    "unchecked": 0,
    "uncheckedKeysByFile": [],
    "unmatched": 0,
    "updated": 0
  },
  "startTime": 1575003994500,
  "success": false,
  "testResults": [
    {
      "failureMessage": null,
      "numFailingTests": 0,
      "numPassingTests": 1,
      "numPendingTests": 0,
      "numTodoTests": 0,
      "perfStats": {
        "end": 1575003996384,
        "start": 1575003995626
      },
      "snapshot": {
        "added": 0,
        "fileDeleted": false,
        "matched": 0,
        "unchecked": 0,
        "unmatched": 0,
        "updated": 0,
        "uncheckedKeys": []
      },
      "testFilePath": "/Users/unclecode/dev/tmp/jest-try/__tests__/add.test.js",
      "testResults": [
        {
          "ancestorTitles": [
            "Add function"
          ],
          "duration": 5,
          "failureMessages": [],
          "fullName": "Add function adds 1 + 2 to equal 3",
          "location": null,
          "numPassingAsserts": 0,
          "status": "passed",
          "title": "adds 1 + 2 to equal 3"
        }
      ],
      "skipped": false,
      "leaks": false
    },
    {
      "failureMessage": "\u001b[1m\u001b[31m  \u001b[1m● \u001b[1mDiv function › Divides by 0 should returns null\u001b[39m\u001b[22m\n\n    \u001b[2mexpect(\u001b[22m\u001b[31mreceived\u001b[39m\u001b[2m).\u001b[22mtoBeNull\u001b[2m()\u001b[22m\n\n    Received: \u001b[31mInfinity\u001b[39m\n\u001b[2m\u001b[22m\n\u001b[2m    \u001b[0m \u001b[90m 7 | \u001b[39m})\u001b[0m\u001b[22m\n\u001b[2m\u001b[22m\n\u001b[2m      \u001b[2mat Object.test (\u001b[2m\u001b[0m\u001b[36m__tests__/div.test.js\u001b[39m\u001b[0m\u001b[2m:9:37)\u001b[2m\u001b[22m\n",
      "numFailingTests": 1,
      "numPassingTests": 0,
      "numPendingTests": 0,
      "numTodoTests": 0,
      "perfStats": {
        "end": 1575003996938,
        "start": 1575003995586
      },
      "snapshot": {
        "added": 0,
        "fileDeleted": false,
        "matched": 0,
        "unchecked": 0,
        "unmatched": 0,
        "updated": 0,
        "uncheckedKeys": []
      },
      "testFilePath": "/Users/unclecode/dev/tmp/jest-try/__tests__/div.test.js",
      "testResults": [
        {
          "ancestorTitles": [
            "Div function"
          ],
          "duration": 12,
          "failureMessages": [
            "Error: \u001b[2mexpect(\u001b[22m\u001b[31mreceived\u001b[39m\u001b[2m).\u001b[22mtoBeNull\u001b[2m()\u001b[22m\n\nReceived: \u001b[31mInfinity\u001b[39m\n    at Object.test (/Users/unclecode/dev/tmp/jest-try/__tests__/div.test.js:9:37)\n    at Object.asyncJestTest (/Users/unclecode/dev/tmp/jest-try/node_modules/jest-jasmine2/build/jasmineAsyncInstall.js:102:37)\n    at resolve (/Users/unclecode/dev/tmp/jest-try/node_modules/jest-jasmine2/build/queueRunner.js:43:12)\n    at new Promise (<anonymous>)\n    at mapper (/Users/unclecode/dev/tmp/jest-try/node_modules/jest-jasmine2/build/queueRunner.js:26:19)\n    at promise.then (/Users/unclecode/dev/tmp/jest-try/node_modules/jest-jasmine2/build/queueRunner.js:73:41)\n    at process._tickCallback (internal/process/next_tick.js:68:7)"
          ],
          "fullName": "Div function Divides by 0 should returns null",
          "location": null,
          "numPassingAsserts": 0,
          "status": "failed",
          "title": "Divides by 0 should returns null"
        }
      ],
      "skipped": false,
      "leaks": false
    }
  ],
  "wasInterrupted": false,
  "coverageMap": {
    "/Users/unclecode/dev/tmp/jest-try/app/sum.js": {
      "path": "/Users/unclecode/dev/tmp/jest-try/app/sum.js",
      "statementMap": {
        "0": {
          "start": {
            "line": 3,
            "column": 0
          },
          "end": {
            "line": 5,
            "column": 3
          }
        },
        "1": {
          "start": {
            "line": 6,
            "column": 0
          },
          "end": {
            "line": 6,
            "column": 25
          }
        },
        "2": {
          "start": {
            "line": 9,
            "column": 2
          },
          "end": {
            "line": 9,
            "column": 15
          }
        },
        "3": {
          "start": {
            "line": 12,
            "column": 15
          },
          "end": {
            "line": 12,
            "column": 18
          }
        },
        "4": {
          "start": {
            "line": 13,
            "column": 0
          },
          "end": {
            "line": 13,
            "column": 27
          }
        }
      },
      "fnMap": {
        "0": {
          "name": "sum",
          "decl": {
            "start": {
              "line": 8,
              "column": 9
            },
            "end": {
              "line": 8,
              "column": 12
            }
          },
          "loc": {
            "start": {
              "line": 8,
              "column": 19
            },
            "end": {
              "line": 10,
              "column": 1
            }
          },
          "line": 8
        }
      },
      "branchMap": {},
      "s": {
        "0": 1,
        "1": 1,
        "2": 1,
        "3": 1,
        "4": 1
      },
      "f": {
        "0": 1
      },
      "b": {},
      "_coverageSchema": "43e27e138ebf9cfc5966b082cf9a028302ed4184",
      "hash": "ef295a95f0b3f55de030c6655944dc440bed135c"
    },
    "/Users/unclecode/dev/tmp/jest-try/app/div.js": {
      "path": "/Users/unclecode/dev/tmp/jest-try/app/div.js",
      "statementMap": {
        "0": {
          "start": {
            "line": 3,
            "column": 0
          },
          "end": {
            "line": 5,
            "column": 3
          }
        },
        "1": {
          "start": {
            "line": 6,
            "column": 0
          },
          "end": {
            "line": 6,
            "column": 25
          }
        },
        "2": {
          "start": {
            "line": 9,
            "column": 2
          },
          "end": {
            "line": 9,
            "column": 15
          }
        },
        "3": {
          "start": {
            "line": 14,
            "column": 15
          },
          "end": {
            "line": 14,
            "column": 18
          }
        },
        "4": {
          "start": {
            "line": 15,
            "column": 0
          },
          "end": {
            "line": 15,
            "column": 27
          }
        }
      },
      "fnMap": {
        "0": {
          "name": "div",
          "decl": {
            "start": {
              "line": 8,
              "column": 9
            },
            "end": {
              "line": 8,
              "column": 12
            }
          },
          "loc": {
            "start": {
              "line": 8,
              "column": 19
            },
            "end": {
              "line": 12,
              "column": 1
            }
          },
          "line": 8
        }
      },
      "branchMap": {},
      "s": {
        "0": 1,
        "1": 1,
        "2": 1,
        "3": 1,
        "4": 1
      },
      "f": {
        "0": 1
      },
      "b": {},
      "_coverageSchema": "43e27e138ebf9cfc5966b082cf9a028302ed4184",
      "hash": "b81a69b49cc995c417419dc98dd3dcd9f53d4ebb"
    }
  }
}