{"/Users/unclecode/dev/tmp/jest-try/app/div.js": {"path":"/Users/unclecode/dev/tmp/jest-try/app/div.js","statementMap":{"0":{"start":{"line":5,"column":2},"end":{"line":5,"column":45}},"1":{"start":{"line":5,"column":15},"end":{"line":5,"column":27}},"2":{"start":{"line":5,"column":32},"end":{"line":5,"column":45}},"3":{"start":{"line":8,"column":0},"end":{"line":8,"column":21}}},"fnMap":{"0":{"name":"div","decl":{"start":{"line":3,"column":9},"end":{"line":3,"column":12}},"loc":{"start":{"line":3,"column":19},"end":{"line":6,"column":1}},"line":3}},"branchMap":{"0":{"loc":{"start":{"line":5,"column":2},"end":{"line":5,"column":45}},"type":"if","locations":[{"start":{"line":5,"column":2},"end":{"line":5,"column":45}},{"start":{"line":5,"column":2},"end":{"line":5,"column":45}}],"line":5}},"s":{"0":2,"1":1,"2":1,"3":1},"f":{"0":2},"b":{"0":[1,1]},"_coverageSchema":"43e27e138ebf9cfc5966b082cf9a028302ed4184","hash":"6dc4558eb674e798b43f485b175ab9a0ab797567"}
,"/Users/unclecode/dev/tmp/jest-try/app/sum.js": {"path":"/Users/unclecode/dev/tmp/jest-try/app/sum.js","statementMap":{"0":{"start":{"line":4,"column":2},"end":{"line":4,"column":15}},"1":{"start":{"line":7,"column":0},"end":{"line":7,"column":21}}},"fnMap":{"0":{"name":"sum","decl":{"start":{"line":3,"column":9},"end":{"line":3,"column":12}},"loc":{"start":{"line":3,"column":19},"end":{"line":5,"column":1}},"line":3}},"branchMap":{},"s":{"0":1,"1":1},"f":{"0":1},"b":{},"_coverageSchema":"43e27e138ebf9cfc5966b082cf9a028302ed4184","hash":"013a765ccdfd8862a072aa0d56085bb43116a234"}
,"/Users/unclecode/dev/tmp/jest-try/app/task1.js": {"path":"/Users/unclecode/dev/tmp/jest-try/app/task1.js","statementMap":{"0":{"start":{"line":6,"column":10},"end":{"line":6,"column":12}},"1":{"start":{"line":7,"column":10},"end":{"line":7,"column":12}},"2":{"start":{"line":15,"column":2},"end":{"line":15,"column":11}},"3":{"start":{"line":18,"column":0},"end":{"line":18,"column":23}}},"fnMap":{"0":{"name":"task1","decl":{"start":{"line":3,"column":9},"end":{"line":3,"column":14}},"loc":{"start":{"line":3,"column":17},"end":{"line":16,"column":1}},"line":3}},"branchMap":{},"s":{"0":2,"1":2,"2":2,"3":1},"f":{"0":2},"b":{},"_coverageSchema":"43e27e138ebf9cfc5966b082cf9a028302ed4184","hash":"62d848ef6dd93f50dca5330933b8fd206cd400f7"}
}
